  Model.cpp
c:\users\juan toro\documents\blueflameengine\blueflame\blueflameengine\engine\core\gameobject.h(4): fatal error C1083: Cannot open include file: 'glm/glm.hpp': No such file or directory
  TestScene.cpp
c:\users\juan toro\documents\blueflameengine\blueflame\blueflameengine\engine\core\scene.h(4): fatal error C1083: Cannot open include file: 'SDL/SDL.h': No such file or directory
  SceneManager.cpp
c:\users\juan toro\documents\blueflameengine\blueflame\blueflameengine\engine\camera\camera.h(4): fatal error C1083: Cannot open include file: 'glm/glm.hpp': No such file or directory
  InputComponent.cpp
  Light.cpp
c:\users\juan toro\documents\blueflameengine\blueflame\blueflameengine\engine\core\gameobject.h(4): fatal error C1083: Cannot open include file: 'glm/glm.hpp': No such file or directory
  LightComponent.cpp
c:\users\juan toro\documents\blueflameengine\blueflame\blueflameengine\engine\core\lightcomponent.h(5): fatal error C1083: Cannot open include file: 'glm\glm.hpp': No such file or directory
  RenderComponent.cpp
c:\users\juan toro\documents\blueflameengine\blueflame\blueflameengine\engine\rendering\3d\mesh.h(4): fatal error C1083: Cannot open include file: 'glew\GL\glew.h': No such file or directory
  GameObject.cpp
c:\users\juan toro\documents\blueflameengine\blueflame\blueflameengine\engine\core\gameobject.h(4): fatal error C1083: Cannot open include file: 'glm/glm.hpp': No such file or directory
  Renderer.cpp
c:\users\juan toro\documents\blueflameengine\blueflame\blueflameengine\engine\graphics\shader.h(9): fatal error C1083: Cannot open include file: 'glew/GL/glew.h': No such file or directory
  Mesh.cpp
c:\users\juan toro\documents\blueflameengine\blueflame\blueflameengine\engine\rendering\3d\mesh.h(4): fatal error C1083: Cannot open include file: 'glew\GL\glew.h': No such file or directory
  Window.cpp
c:\users\juan toro\documents\blueflameengine\blueflame\blueflameengine\engine\core\window.h(4): fatal error C1083: Cannot open include file: 'SDL/SDL.h': No such file or directory
  Shader.cpp
c:\users\juan toro\documents\blueflameengine\blueflame\blueflameengine\engine\graphics\shader.h(9): fatal error C1083: Cannot open include file: 'glew/GL/glew.h': No such file or directory
  BFEngine.cpp
c:\users\juan toro\documents\blueflameengine\blueflame\blueflameengine\engine\core\window.h(4): fatal error C1083: Cannot open include file: 'SDL/SDL.h': No such file or directory
  Cube.cpp
c:\users\juan toro\documents\blueflameengine\blueflame\blueflameengine\engine\core\gameobject.h(4): fatal error C1083: Cannot open include file: 'glm/glm.hpp': No such file or directory
  DefaultScene.cpp
c:\users\juan toro\documents\blueflameengine\blueflame\blueflameengine\engine\core\scene.h(4): fatal error C1083: Cannot open include file: 'SDL/SDL.h': No such file or directory
  stb_image.cpp
c:\users\juan toro\documents\blueflameengine\blueflame\blueflameengine\engine\graphics\stb_image.cpp(2): fatal error C1083: Cannot open include file: 'stb_image.h': No such file or directory
  Timer.cpp
c:\users\juan toro\documents\blueflameengine\blueflame\blueflameengine\engine\core\timer.h(4): fatal error C1083: Cannot open include file: 'SDL\SDL.h': No such file or directory
  Generating Code...
