  AudioFile.cpp
Engine\Audio\AudioFile.cpp(5): fatal error C1083: Cannot open include file: 'SDL\SDL_mixer.h': No such file or directory
  Dialogue.cpp
c:\gamedev\year3\capstone\blueflame\blueflameengine\engine\audio\SoundEffectSelector.h(5): fatal error C1083: Cannot open include file: 'SDL\SDL_mixer.h': No such file or directory
  Music.cpp
c:\gamedev\year3\capstone\blueflame\blueflameengine\engine\audio\Music.h(6): fatal error C1083: Cannot open include file: 'SDL\SDL_mixer.h': No such file or directory
  SoundEffect.cpp
c:\gamedev\year3\capstone\blueflame\blueflameengine\engine\audio\SoundEffect.h(6): fatal error C1083: Cannot open include file: 'SDL\SDL_mixer.h': No such file or directory
  SoundEffectSelector.cpp
c:\gamedev\year3\capstone\blueflame\blueflameengine\engine\audio\SoundEffectSelector.h(5): fatal error C1083: Cannot open include file: 'SDL\SDL_mixer.h': No such file or directory
  Camera.cpp
c:\gamedev\year3\capstone\blueflame\blueflameengine\engine\camera\Camera.h(5): fatal error C1083: Cannot open include file: 'glm/glm.hpp': No such file or directory
  DefaultScene.cpp
c:\gamedev\year3\capstone\blueflame\blueflameengine\engine\core\Scene.h(5): fatal error C1083: Cannot open include file: 'SDL/SDL.h': No such file or directory
  Parser.cpp
  Timer.cpp
Engine\Core\Timer.cpp(23): warning C4244: 'initializing': conversion from 'LONGLONG' to 'double', possible loss of data
  LogManager.cpp
  Bone.cpp
c:\gamedev\year3\capstone\blueflame\blueflameengine\engine\graphics\Bone.h(4): fatal error C1083: Cannot open include file: 'glm/glm.hpp': No such file or directory
  ParticleSystem.cpp
c:\gamedev\year3\capstone\blueflame\blueflameengine\engine\core\../Graphics/Shader.h(9): fatal error C1083: Cannot open include file: 'glew/GL/glew.h': No such file or directory
  stb_image.cpp
Engine\Graphics\stb_image.cpp(2): fatal error C1083: Cannot open include file: 'stb_image.h': No such file or directory
  InputHandler.cpp
c:\gamedev\year3\capstone\blueflame\blueflameengine\engine\inputhandling\InputHandler.h(5): fatal error C1083: Cannot open include file: 'SDL\SDL.h': No such file or directory
  PlayerController.cpp
c:\gamedev\year3\capstone\blueflame\blueflameengine\engine\inputhandling\PlayerController.h(6): fatal error C1083: Cannot open include file: 'SDL\SDL.h': No such file or directory
  CollisionComponent.cpp
c:\gamedev\year3\capstone\blueflame\blueflameengine\engine\math\..\Rendering\3D\Mesh.h(4): fatal error C1083: Cannot open include file: 'glew\GL\glew.h': No such file or directory
  PhysicsComponent.cpp
c:\gamedev\year3\capstone\blueflame\blueflameengine\engine\math\PhysicsComponent.h(6): fatal error C1083: Cannot open include file: 'glm\glm.hpp': No such file or directory
  PhysicsEngine.cpp
c:\gamedev\year3\capstone\blueflame\blueflameengine\engine\math\PhysicsComponent.h(6): fatal error C1083: Cannot open include file: 'glm\glm.hpp': No such file or directory
  Randomizer.cpp
  ButtonUI.cpp
c:\gamedev\year3\capstone\blueflame\blueflameengine\engine\rendering\2d\../../Graphics/Shader.h(9): fatal error C1083: Cannot open include file: 'glew/GL/glew.h': No such file or directory
  Compiling...
  SliderUI.cpp
c:\gamedev\year3\capstone\blueflame\blueflameengine\engine\rendering\2d\../../Graphics/Shader.h(9): fatal error C1083: Cannot open include file: 'glew/GL/glew.h': No such file or directory
  Cube.cpp
c:\gamedev\year3\capstone\blueflame\blueflameengine\engine\core\../Graphics/Shader.h(9): fatal error C1083: Cannot open include file: 'glew/GL/glew.h': No such file or directory
  BFEngine.cpp
c:\gamedev\year3\capstone\blueflame\blueflameengine\engine\Core/Window.h(5): fatal error C1083: Cannot open include file: 'glew/GL/glew.h': No such file or directory
  Shader.cpp
c:\gamedev\year3\capstone\blueflame\blueflameengine\engine\graphics\Shader.h(9): fatal error C1083: Cannot open include file: 'glew/GL/glew.h': No such file or directory
  Window.cpp
c:\gamedev\year3\capstone\blueflame\blueflameengine\engine\core\Window.h(5): fatal error C1083: Cannot open include file: 'glew/GL/glew.h': No such file or directory
  Mesh.cpp
c:\gamedev\year3\capstone\blueflame\blueflameengine\engine\rendering\3d\Mesh.h(4): fatal error C1083: Cannot open include file: 'glew\GL\glew.h': No such file or directory
  ModelComponent.cpp
c:\gamedev\year3\capstone\blueflame\blueflameengine\engine\rendering\3d\ModelComponent.h(5): fatal error C1083: Cannot open include file: 'glew/GL/glew.h': No such file or directory
  ModelMesh.cpp
c:\gamedev\year3\capstone\blueflame\blueflameengine\engine\rendering\3d\ModelMesh.h(5): fatal error C1083: Cannot open include file: 'glew/GL/glew.h': No such file or directory
  Renderer.cpp
c:\gamedev\year3\capstone\blueflame\blueflameengine\engine\rendering\../Graphics/Shader.h(9): fatal error C1083: Cannot open include file: 'glew/GL/glew.h': No such file or directory
  GameObject.cpp
c:\gamedev\year3\capstone\blueflame\blueflameengine\engine\core\../Graphics/Shader.h(9): fatal error C1083: Cannot open include file: 'glew/GL/glew.h': No such file or directory
  RenderComponent.cpp
c:\gamedev\year3\capstone\blueflame\blueflameengine\engine\core\../Rendering/3D/Mesh.h(4): fatal error C1083: Cannot open include file: 'glew\GL\glew.h': No such file or directory
  LightComponent.cpp
c:\gamedev\year3\capstone\blueflame\blueflameengine\engine\core\LightComponent.h(6): fatal error C1083: Cannot open include file: 'glm\glm.hpp': No such file or directory
  Light.cpp
c:\gamedev\year3\capstone\blueflame\blueflameengine\engine\core\../Graphics/Shader.h(9): fatal error C1083: Cannot open include file: 'glew/GL/glew.h': No such file or directory
  SceneManager.cpp
c:\gamedev\year3\capstone\blueflame\blueflameengine\engine\rendering\../Graphics/Shader.h(9): fatal error C1083: Cannot open include file: 'glew/GL/glew.h': No such file or directory
  Model.cpp
c:\gamedev\year3\capstone\blueflame\blueflameengine\engine\core\../Graphics/Shader.h(9): fatal error C1083: Cannot open include file: 'glew/GL/glew.h': No such file or directory
  Skybox.cpp
c:\gamedev\year3\capstone\blueflame\blueflameengine\engine\core\../Graphics/Shader.h(9): fatal error C1083: Cannot open include file: 'glew/GL/glew.h': No such file or directory
  Projectile.cpp
c:\gamedev\year3\capstone\blueflame\blueflameengine\engine\core\../Graphics/Shader.h(9): fatal error C1083: Cannot open include file: 'glew/GL/glew.h': No such file or directory
  UIRenderer.cpp
c:\gamedev\year3\capstone\blueflame\blueflameengine\engine\rendering\../Graphics/Shader.h(9): fatal error C1083: Cannot open include file: 'glew/GL/glew.h': No such file or directory
  TextUI.cpp
c:\gamedev\year3\capstone\blueflame\blueflameengine\engine\rendering\2d\TextUI.h(5): fatal error C1083: Cannot open include file: 'glew/GL/glew.h': No such file or directory
  UIObject.cpp
c:\gamedev\year3\capstone\blueflame\blueflameengine\engine\rendering\2d\../../Graphics/Shader.h(9): fatal error C1083: Cannot open include file: 'glew/GL/glew.h': No such file or directory
  Compiling...
  ImageUI.cpp
c:\gamedev\year3\capstone\blueflame\blueflameengine\engine\rendering\2d\ImageUI.h(7): fatal error C1083: Cannot open include file: 'glm\glm.hpp': No such file or directory
  MasterClock.cpp
c:\gamedev\year3\capstone\blueflame\blueflameengine\engine\timers\MasterClock.h(8): fatal error C1083: Cannot open include file: 'SDL\SDL.h': No such file or directory
