c:\users\juan toro\documents\blueflame\blueflameengine\debug\blueflameengine.pdb
c:\users\juan toro\documents\blueflame\blueflameengine\debug\blueflameengine.idb
c:\users\juan toro\documents\blueflame\blueflameengine\debug\bfengine.obj
c:\users\juan toro\documents\blueflame\blueflameengine\debug\shader.obj
c:\users\juan toro\documents\blueflame\blueflameengine\debug\window.obj
c:\users\juan toro\documents\blueflame\blueflameengine\debug\mesh.obj
c:\users\juan toro\documents\blueflame\blueflameengine\debug\modelcomponent.obj
c:\users\juan toro\documents\blueflame\blueflameengine\debug\renderer.obj
c:\users\juan toro\documents\blueflame\blueflameengine\debug\gameobject.obj
c:\users\juan toro\documents\blueflame\blueflameengine\debug\rendercomponent.obj
c:\users\juan toro\documents\blueflame\blueflameengine\debug\lightcomponent.obj
c:\users\juan toro\documents\blueflame\blueflameengine\debug\light.obj
c:\users\juan toro\documents\blueflame\blueflameengine\debug\inputcomponent.obj
c:\users\juan toro\documents\blueflame\blueflameengine\debug\scenemanager.obj
c:\users\juan toro\documents\blueflame\blueflameengine\debug\skybox.obj
c:\users\juan toro\documents\blueflame\blueflameengine\debug\projectile.obj
c:\users\juan toro\documents\blueflame\blueflameengine\debug\uirenderer.obj
c:\users\juan toro\documents\blueflame\blueflameengine\debug\textui.obj
c:\users\juan toro\documents\blueflame\blueflameengine\debug\uiobject.obj
c:\users\juan toro\documents\blueflame\blueflameengine\debug\imageui.obj
c:\users\juan toro\documents\blueflame\blueflameengine\debug\masterclock.obj
c:\users\juan toro\documents\blueflame\blueflameengine\debug\defaultscene.obj
c:\users\juan toro\documents\blueflame\blueflameengine\debug\timer.obj
c:\users\juan toro\documents\blueflame\blueflameengine\debug\logmanager.obj
c:\users\juan toro\documents\blueflame\blueflameengine\debug\bone.obj
c:\users\juan toro\documents\blueflame\blueflameengine\debug\stb_image.obj
c:\users\juan toro\documents\blueflame\blueflameengine\debug\inputhandler.obj
c:\users\juan toro\documents\blueflame\blueflameengine\debug\playercontroller.obj
c:\users\juan toro\documents\blueflame\blueflameengine\debug\collisioncomponent.obj
c:\users\juan toro\documents\blueflame\blueflameengine\debug\physicscomponent.obj
c:\users\juan toro\documents\blueflame\blueflameengine\debug\physicsengine.obj
c:\users\juan toro\documents\blueflame\blueflameengine\debug\buttonui.obj
c:\users\juan toro\documents\blueflame\blueflameengine\debug\cube.obj
c:\users\juan toro\documents\blueflame\blueflameengine\debug\blueflameengine.tlog\cl.command.1.tlog
c:\users\juan toro\documents\blueflame\blueflameengine\debug\blueflameengine.tlog\cl.read.1.tlog
c:\users\juan toro\documents\blueflame\blueflameengine\debug\blueflameengine.tlog\cl.write.1.tlog
